<?xml version="1.0" encoding="UTF-8"?>
<!-- Generated by org.testng.reporters.JUnitXMLReporter -->
<testsuite hostname="COMPUTER-PC" ignored="4" name="Test" tests="6" failures="0" timestamp="07 Jul 2018 07:23:08 GMT" time="234.017" errors="0">
  <testcase name="createLead" time="24.865" classname="lead.pages.CreateLead"/>
  <testcase name="editLead" time="20.96" classname="lead.pages.EditLead"/>
  <testcase name="editLead" time="20.722" classname="lead.pages.EditLead"/>
  <testcase name="createLead" time="41.792" classname="lead.pages.CreateLead"/>
  <testcase name="createLead" time="20.724" classname="lead.pages.CreateLead"/>
  <testcase name="editLead" time="21.785" classname="lead.pages.EditLead"/>
  <testcase name="@AfterSuite afterSuite" time="0.0" classname="lib.selenium.PreAndPost">
    <ignored/>
  </testcase> <!-- @AfterSuite afterSuite -->
  <testcase name="@BeforeTest beforeTest" time="0.0" classname="lib.selenium.PreAndPost">
    <ignored/>
  </testcase> <!-- @BeforeTest beforeTest -->
  <testcase name="@AfterTest afterTest" time="0.0" classname="lib.selenium.PreAndPost">
    <ignored/>
  </testcase> <!-- @AfterTest afterTest -->
  <testcase name="@BeforeSuite beforeSuite" time="0.0" classname="lib.selenium.PreAndPost">
    <ignored/>
  </testcase> <!-- @BeforeSuite beforeSuite -->
</testsuite> <!-- Test -->
